0 info it worked if it ends with ok
1 verbose cli [ '/root/.nvm/versions/node/v6.14.3/bin/node',
1 verbose cli   '/root/.nvm/versions/node/v6.14.3/bin/npm',
1 verbose cli   'i',
1 verbose cli   'express.bodyparser' ]
2 info using npm@3.10.10
3 info using node@v6.14.3
4 silly loadCurrentTree Starting
5 silly install loadCurrentTree
6 silly install readLocalPackageData
7 silly fetchPackageMetaData express.bodyparser
8 silly fetchNamedPackageData express.bodyparser
9 silly mapToRegistry name express.bodyparser
10 silly mapToRegistry using default registry
11 silly mapToRegistry registry https://registry.npmjs.org/
12 silly mapToRegistry data Result {
12 silly mapToRegistry   raw: 'express.bodyparser',
12 silly mapToRegistry   scope: null,
12 silly mapToRegistry   escapedName: 'express.bodyparser',
12 silly mapToRegistry   name: 'express.bodyparser',
12 silly mapToRegistry   rawSpec: '',
12 silly mapToRegistry   spec: 'latest',
12 silly mapToRegistry   type: 'tag' }
13 silly mapToRegistry uri https://registry.npmjs.org/express.bodyparser
14 verbose request uri https://registry.npmjs.org/express.bodyparser
15 verbose request no auth needed
16 info attempt registry request try #1 at 2:16:56 PM
17 verbose request using bearer token for auth
18 verbose request id 38552b6551ef25de
19 http request GET https://registry.npmjs.org/express.bodyparser
20 http 404 https://registry.npmjs.org/express.bodyparser
21 verbose headers { date: 'Sun, 09 Sep 2018 08:46:58 GMT',
21 verbose headers   'content-type': 'application/json',
21 verbose headers   'content-length': '21',
21 verbose headers   connection: 'keep-alive',
21 verbose headers   'set-cookie': [ '__cfduid=da8ece5d3059ed3e7fc9f78d140ac6ab01536482817; expires=Mon, 09-Sep-19 08:46:57 GMT; path=/; domain=.registry.npmjs.org; HttpOnly' ],
21 verbose headers   'cf-cache-status': 'MISS',
21 verbose headers   'cache-control': 'max-age=300',
21 verbose headers   'cf-ray': '45786328185d8890-BOM',
21 verbose headers   'expect-ct': 'max-age=604800, report-uri="https://report-uri.cloudflare.com/cdn-cgi/beacon/expect-ct"',
21 verbose headers   vary: 'accept-encoding, accept',
21 verbose headers   server: 'cloudflare' }
22 silly get cb [ 404,
22 silly get   { date: 'Sun, 09 Sep 2018 08:46:58 GMT',
22 silly get     'content-type': 'application/json',
22 silly get     'content-length': '21',
22 silly get     connection: 'keep-alive',
22 silly get     'set-cookie': [ '__cfduid=da8ece5d3059ed3e7fc9f78d140ac6ab01536482817; expires=Mon, 09-Sep-19 08:46:57 GMT; path=/; domain=.registry.npmjs.org; HttpOnly' ],
22 silly get     'cf-cache-status': 'MISS',
22 silly get     'cache-control': 'max-age=300',
22 silly get     'cf-ray': '45786328185d8890-BOM',
22 silly get     'expect-ct': 'max-age=604800, report-uri="https://report-uri.cloudflare.com/cdn-cgi/beacon/expect-ct"',
22 silly get     vary: 'accept-encoding, accept',
22 silly get     server: 'cloudflare' } ]
23 silly fetchPackageMetaData Error: Not found : express.bodyparser
23 silly fetchPackageMetaData     at makeError (/root/.nvm/versions/node/v6.14.3/lib/node_modules/npm/node_modules/npm-registry-client/lib/request.js:302:12)
23 silly fetchPackageMetaData     at CachingRegistryClient.<anonymous> (/root/.nvm/versions/node/v6.14.3/lib/node_modules/npm/node_modules/npm-registry-client/lib/request.js:290:14)
23 silly fetchPackageMetaData     at Request._callback (/root/.nvm/versions/node/v6.14.3/lib/node_modules/npm/node_modules/npm-registry-client/lib/request.js:210:14)
23 silly fetchPackageMetaData     at Request.self.callback (/root/.nvm/versions/node/v6.14.3/lib/node_modules/npm/node_modules/request/request.js:187:22)
23 silly fetchPackageMetaData     at emitTwo (events.js:106:13)
23 silly fetchPackageMetaData     at Request.emit (events.js:191:7)
23 silly fetchPackageMetaData     at Request.<anonymous> (/root/.nvm/versions/node/v6.14.3/lib/node_modules/npm/node_modules/request/request.js:1048:10)
23 silly fetchPackageMetaData     at emitOne (events.js:96:13)
23 silly fetchPackageMetaData     at Request.emit (events.js:188:7)
23 silly fetchPackageMetaData     at IncomingMessage.<anonymous> (/root/.nvm/versions/node/v6.14.3/lib/node_modules/npm/node_modules/request/request.js:969:12)
23 silly fetchPackageMetaData  error for express.bodyparser { Error: Not found : express.bodyparser
23 silly fetchPackageMetaData     at makeError (/root/.nvm/versions/node/v6.14.3/lib/node_modules/npm/node_modules/npm-registry-client/lib/request.js:302:12)
23 silly fetchPackageMetaData     at CachingRegistryClient.<anonymous> (/root/.nvm/versions/node/v6.14.3/lib/node_modules/npm/node_modules/npm-registry-client/lib/request.js:290:14)
23 silly fetchPackageMetaData     at Request._callback (/root/.nvm/versions/node/v6.14.3/lib/node_modules/npm/node_modules/npm-registry-client/lib/request.js:210:14)
23 silly fetchPackageMetaData     at Request.self.callback (/root/.nvm/versions/node/v6.14.3/lib/node_modules/npm/node_modules/request/request.js:187:22)
23 silly fetchPackageMetaData     at emitTwo (events.js:106:13)
23 silly fetchPackageMetaData     at Request.emit (events.js:191:7)
23 silly fetchPackageMetaData     at Request.<anonymous> (/root/.nvm/versions/node/v6.14.3/lib/node_modules/npm/node_modules/request/request.js:1048:10)
23 silly fetchPackageMetaData     at emitOne (events.js:96:13)
23 silly fetchPackageMetaData     at Request.emit (events.js:188:7)
23 silly fetchPackageMetaData     at IncomingMessage.<anonymous> (/root/.nvm/versions/node/v6.14.3/lib/node_modules/npm/node_modules/request/request.js:969:12) pkgid: 'express.bodyparser', statusCode: 404, code: 'E404' }
24 silly rollbackFailedOptional Starting
25 silly rollbackFailedOptional Finishing
26 silly runTopLevelLifecycles Finishing
27 silly install printInstalled
28 verbose stack Error: Not found : express.bodyparser
28 verbose stack     at makeError (/root/.nvm/versions/node/v6.14.3/lib/node_modules/npm/node_modules/npm-registry-client/lib/request.js:302:12)
28 verbose stack     at CachingRegistryClient.<anonymous> (/root/.nvm/versions/node/v6.14.3/lib/node_modules/npm/node_modules/npm-registry-client/lib/request.js:290:14)
28 verbose stack     at Request._callback (/root/.nvm/versions/node/v6.14.3/lib/node_modules/npm/node_modules/npm-registry-client/lib/request.js:210:14)
28 verbose stack     at Request.self.callback (/root/.nvm/versions/node/v6.14.3/lib/node_modules/npm/node_modules/request/request.js:187:22)
28 verbose stack     at emitTwo (events.js:106:13)
28 verbose stack     at Request.emit (events.js:191:7)
28 verbose stack     at Request.<anonymous> (/root/.nvm/versions/node/v6.14.3/lib/node_modules/npm/node_modules/request/request.js:1048:10)
28 verbose stack     at emitOne (events.js:96:13)
28 verbose stack     at Request.emit (events.js:188:7)
28 verbose stack     at IncomingMessage.<anonymous> (/root/.nvm/versions/node/v6.14.3/lib/node_modules/npm/node_modules/request/request.js:969:12)
29 verbose statusCode 404
30 verbose pkgid express.bodyparser
31 verbose cwd /home/vijay/Documents/demoSperi
32 error Linux 4.15.0-32-generic
33 error argv "/root/.nvm/versions/node/v6.14.3/bin/node" "/root/.nvm/versions/node/v6.14.3/bin/npm" "i" "express.bodyparser"
34 error node v6.14.3
35 error npm  v3.10.10
36 error code E404
37 error 404 Not found : express.bodyparser
38 error 404
39 error 404 'express.bodyparser' is not in the npm registry.
40 error 404 You should bug the author to publish it (or use the name yourself!)
41 error 404 Note that you can also install from a
42 error 404 tarball, folder, http url, or git url.
43 verbose exit [ 1, true ]
